<?xml version="1.0" encoding="UTF-8"?>
<!-- Generated by org.testng.reporters.JUnitXMLReporter -->
<testsuite ignored="0" hostname="LAPTOP-S1PMD99L" failures="0" tests="10" name="Default test" time="386.033" errors="0" timestamp="18 Jan 2022 15:37:54 GMT">
  <testcase classname="runner.WebApp" name="HomePage" time="11.708"/>
  <testcase classname="runner.WebApp" name="SignUp" time="18.17"/>
  <testcase classname="runner.WebApp" name="HomepageLogin" time="13.054"/>
  <testcase classname="runner.WebApp" name="AboutPage" time="11.729"/>
  <testcase classname="runner.WebApp" name="ContactPage" time="40.837"/>
  <testcase classname="runner.WebApp" name="OnewayPage" time="25.532"/>
  <testcase classname="runner.WebApp" name="LocalPage" time="69.752"/>
  <testcase classname="runner.WebApp" name="OutstationPage" time="64.799"/>
  <testcase classname="runner.WebApp" name="AirportPage" time="23.79"/>
  <testcase classname="runner.WebApp" name="CorporatePage" time="25.256"/>
</testsuite> <!-- Default test -->
