<?xml version="1.0" encoding="UTF-8"?>
<testng-results ignored="0" total="10" passed="10" failed="0" skipped="0">
  <reporter-output>
  </reporter-output>
  <suite started-at="2022-01-18T15:31:28Z" name="Default suite" finished-at="2022-01-18T15:37:54Z" duration-ms="386033">
    <groups>
    </groups>
    <test started-at="2022-01-18T15:31:28Z" name="Default test" finished-at="2022-01-18T15:37:54Z" duration-ms="386033">
      <class name="runner.WebApp">
        <test-method is-config="true" signature="Before()[pri:0, instance:runner.WebApp@1bb1fde8]" started-at="2022-01-18T15:31:28Z" name="Before" finished-at="2022-01-18T15:31:40Z" duration-ms="11871" status="PASS">
          <reporter-output>
          </reporter-output>
        </test-method> <!-- Before -->
        <test-method signature="HomePage()[pri:1, instance:runner.WebApp@1bb1fde8]" started-at="2022-01-18T15:31:40Z" name="HomePage" finished-at="2022-01-18T15:31:52Z" duration-ms="11708" status="PASS">
          <reporter-output>
          </reporter-output>
        </test-method> <!-- HomePage -->
        <test-method is-config="true" signature="After()[pri:0, instance:runner.WebApp@1bb1fde8]" started-at="2022-01-18T15:31:52Z" name="After" finished-at="2022-01-18T15:31:53Z" duration-ms="1027" status="PASS">
          <reporter-output>
          </reporter-output>
        </test-method> <!-- After -->
        <test-method is-config="true" signature="Before()[pri:0, instance:runner.WebApp@1bb1fde8]" started-at="2022-01-18T15:31:53Z" name="Before" finished-at="2022-01-18T15:32:00Z" duration-ms="7543" status="PASS">
          <reporter-output>
          </reporter-output>
        </test-method> <!-- Before -->
        <test-method signature="SignUp()[pri:2, instance:runner.WebApp@1bb1fde8]" started-at="2022-01-18T15:32:00Z" name="SignUp" finished-at="2022-01-18T15:32:18Z" duration-ms="18170" status="PASS">
          <reporter-output>
          </reporter-output>
        </test-method> <!-- SignUp -->
        <test-method is-config="true" signature="After()[pri:0, instance:runner.WebApp@1bb1fde8]" started-at="2022-01-18T15:32:18Z" name="After" finished-at="2022-01-18T15:32:19Z" duration-ms="248" status="PASS">
          <reporter-output>
          </reporter-output>
        </test-method> <!-- After -->
        <test-method is-config="true" signature="Before()[pri:0, instance:runner.WebApp@1bb1fde8]" started-at="2022-01-18T15:32:19Z" name="Before" finished-at="2022-01-18T15:32:27Z" duration-ms="8205" status="PASS">
          <reporter-output>
          </reporter-output>
        </test-method> <!-- Before -->
        <test-method signature="HomepageLogin()[pri:3, instance:runner.WebApp@1bb1fde8]" started-at="2022-01-18T15:32:27Z" name="HomepageLogin" finished-at="2022-01-18T15:32:40Z" duration-ms="13054" status="PASS">
          <reporter-output>
          </reporter-output>
        </test-method> <!-- HomepageLogin -->
        <test-method is-config="true" signature="After()[pri:0, instance:runner.WebApp@1bb1fde8]" started-at="2022-01-18T15:32:40Z" name="After" finished-at="2022-01-18T15:32:40Z" duration-ms="213" status="PASS">
          <reporter-output>
          </reporter-output>
        </test-method> <!-- After -->
        <test-method is-config="true" signature="Before()[pri:0, instance:runner.WebApp@1bb1fde8]" started-at="2022-01-18T15:32:40Z" name="Before" finished-at="2022-01-18T15:32:47Z" duration-ms="7384" status="PASS">
          <reporter-output>
          </reporter-output>
        </test-method> <!-- Before -->
        <test-method signature="AboutPage()[pri:4, instance:runner.WebApp@1bb1fde8]" started-at="2022-01-18T15:32:47Z" name="AboutPage" finished-at="2022-01-18T15:32:59Z" duration-ms="11729" status="PASS">
          <reporter-output>
          </reporter-output>
        </test-method> <!-- AboutPage -->
        <test-method is-config="true" signature="After()[pri:0, instance:runner.WebApp@1bb1fde8]" started-at="2022-01-18T15:32:59Z" name="After" finished-at="2022-01-18T15:32:59Z" duration-ms="223" status="PASS">
          <reporter-output>
          </reporter-output>
        </test-method> <!-- After -->
        <test-method is-config="true" signature="Before()[pri:0, instance:runner.WebApp@1bb1fde8]" started-at="2022-01-18T15:32:59Z" name="Before" finished-at="2022-01-18T15:33:07Z" duration-ms="7450" status="PASS">
          <reporter-output>
          </reporter-output>
        </test-method> <!-- Before -->
        <test-method signature="ContactPage()[pri:5, instance:runner.WebApp@1bb1fde8]" started-at="2022-01-18T15:33:07Z" name="ContactPage" finished-at="2022-01-18T15:33:48Z" duration-ms="40837" status="PASS">
          <reporter-output>
          </reporter-output>
        </test-method> <!-- ContactPage -->
        <test-method is-config="true" signature="After()[pri:0, instance:runner.WebApp@1bb1fde8]" started-at="2022-01-18T15:33:48Z" name="After" finished-at="2022-01-18T15:33:48Z" duration-ms="282" status="PASS">
          <reporter-output>
          </reporter-output>
        </test-method> <!-- After -->
        <test-method is-config="true" signature="Before()[pri:0, instance:runner.WebApp@1bb1fde8]" started-at="2022-01-18T15:33:48Z" name="Before" finished-at="2022-01-18T15:33:54Z" duration-ms="6127" status="PASS">
          <reporter-output>
          </reporter-output>
        </test-method> <!-- Before -->
        <test-method signature="OnewayPage()[pri:6, instance:runner.WebApp@1bb1fde8]" started-at="2022-01-18T15:33:54Z" name="OnewayPage" finished-at="2022-01-18T15:34:20Z" duration-ms="25532" status="PASS">
          <reporter-output>
          </reporter-output>
        </test-method> <!-- OnewayPage -->
        <test-method is-config="true" signature="After()[pri:0, instance:runner.WebApp@1bb1fde8]" started-at="2022-01-18T15:34:20Z" name="After" finished-at="2022-01-18T15:34:20Z" duration-ms="232" status="PASS">
          <reporter-output>
          </reporter-output>
        </test-method> <!-- After -->
        <test-method is-config="true" signature="Before()[pri:0, instance:runner.WebApp@1bb1fde8]" started-at="2022-01-18T15:34:20Z" name="Before" finished-at="2022-01-18T15:34:28Z" duration-ms="8290" status="PASS">
          <reporter-output>
          </reporter-output>
        </test-method> <!-- Before -->
        <test-method signature="LocalPage()[pri:7, instance:runner.WebApp@1bb1fde8]" started-at="2022-01-18T15:34:28Z" name="LocalPage" finished-at="2022-01-18T15:35:38Z" duration-ms="69752" status="PASS">
          <reporter-output>
          </reporter-output>
        </test-method> <!-- LocalPage -->
        <test-method is-config="true" signature="After()[pri:0, instance:runner.WebApp@1bb1fde8]" started-at="2022-01-18T15:35:38Z" name="After" finished-at="2022-01-18T15:35:38Z" duration-ms="240" status="PASS">
          <reporter-output>
          </reporter-output>
        </test-method> <!-- After -->
        <test-method is-config="true" signature="Before()[pri:0, instance:runner.WebApp@1bb1fde8]" started-at="2022-01-18T15:35:38Z" name="Before" finished-at="2022-01-18T15:35:45Z" duration-ms="6683" status="PASS">
          <reporter-output>
          </reporter-output>
        </test-method> <!-- Before -->
        <test-method signature="OutstationPage()[pri:8, instance:runner.WebApp@1bb1fde8]" started-at="2022-01-18T15:35:45Z" name="OutstationPage" finished-at="2022-01-18T15:36:50Z" duration-ms="64799" status="PASS">
          <reporter-output>
          </reporter-output>
        </test-method> <!-- OutstationPage -->
        <test-method is-config="true" signature="After()[pri:0, instance:runner.WebApp@1bb1fde8]" started-at="2022-01-18T15:36:50Z" name="After" finished-at="2022-01-18T15:36:50Z" duration-ms="290" status="PASS">
          <reporter-output>
          </reporter-output>
        </test-method> <!-- After -->
        <test-method is-config="true" signature="Before()[pri:0, instance:runner.WebApp@1bb1fde8]" started-at="2022-01-18T15:36:50Z" name="Before" finished-at="2022-01-18T15:36:56Z" duration-ms="5992" status="PASS">
          <reporter-output>
          </reporter-output>
        </test-method> <!-- Before -->
        <test-method signature="AirportPage()[pri:9, instance:runner.WebApp@1bb1fde8]" started-at="2022-01-18T15:36:56Z" name="AirportPage" finished-at="2022-01-18T15:37:20Z" duration-ms="23790" status="PASS">
          <reporter-output>
          </reporter-output>
        </test-method> <!-- AirportPage -->
        <test-method is-config="true" signature="After()[pri:0, instance:runner.WebApp@1bb1fde8]" started-at="2022-01-18T15:37:20Z" name="After" finished-at="2022-01-18T15:37:20Z" duration-ms="283" status="PASS">
          <reporter-output>
          </reporter-output>
        </test-method> <!-- After -->
        <test-method is-config="true" signature="Before()[pri:0, instance:runner.WebApp@1bb1fde8]" started-at="2022-01-18T15:37:20Z" name="Before" finished-at="2022-01-18T15:37:28Z" duration-ms="8562" status="PASS">
          <reporter-output>
          </reporter-output>
        </test-method> <!-- Before -->
        <test-method signature="CorporatePage()[pri:10, instance:runner.WebApp@1bb1fde8]" started-at="2022-01-18T15:37:28Z" name="CorporatePage" finished-at="2022-01-18T15:37:54Z" duration-ms="25256" status="PASS">
          <reporter-output>
          </reporter-output>
        </test-method> <!-- CorporatePage -->
        <test-method is-config="true" signature="After()[pri:0, instance:runner.WebApp@1bb1fde8]" started-at="2022-01-18T15:37:54Z" name="After" finished-at="2022-01-18T15:37:54Z" duration-ms="238" status="PASS">
          <reporter-output>
          </reporter-output>
        </test-method> <!-- After -->
        <test-method is-config="true" signature="flush()[pri:0, instance:runner.WebApp@1bb1fde8]" started-at="2022-01-18T15:37:54Z" name="flush" finished-at="2022-01-18T15:37:54Z" duration-ms="334" status="PASS">
          <reporter-output>
          </reporter-output>
        </test-method> <!-- flush -->
      </class> <!-- runner.WebApp -->
    </test> <!-- Default test -->
  </suite> <!-- Default suite -->
</testng-results>
